Read1 before filtering:
total reads: 10231814
total bases: 936978327
Q20 bases: 880214992(93.9419%)
Q30 bases: 815111332(86.9936%)

Read2 before filtering:
total reads: 10231814
total bases: 937365101
Q20 bases: 901539343(96.178%)
Q30 bases: 853763962(91.0813%)

Merged and filtered:
total reads: 9843085
total bases: 897948406
Q20 bases: 854593086(95.1717%)
Q30 bases: 794679294(88.4994%)

Filtering result:
reads passed filter: 20463628
reads failed due to low quality: 0
reads failed due to too many N: 0
reads corrected by overlap analysis: 3009959
bases corrected by overlap analysis: 8922994

Duplication rate: 19.551%

Insert size peak (evaluated by paired-end reads): 74

Read pairs merged: 9843085
% of original read pairs: 96.2008%
% in reads after filtering: 100%


JSON report: /home/d24h_prog2/data_share/ice_water/jobs/20231229-merged-26118/fastp/Water-Neg1.fp.json
HTML report: /home/d24h_prog2/data_share/ice_water/jobs/20231229-merged-26118/fastp/Water-Neg1.fp.html

fastp -i Water-Neg1_1.trimmed.fq.gz -I Water-Neg1_2.trimmed.fq.gz -o /home/d24h_prog2/data_share/ice_water/jobs/20231229-merged-26118/merged/Water-Neg1_1.unmerged.fq.gz -O /home/d24h_prog2/data_share/ice_water/jobs/20231229-merged-26118/merged/Water-Neg1_2.unmerged.fq.gz --merged_out /home/d24h_prog2/data_share/ice_water/jobs/20231229-merged-26118/merged/Water-Neg1.merged.fq.gz --json /home/d24h_prog2/data_share/ice_water/jobs/20231229-merged-26118/fastp/Water-Neg1.fp.json --html /home/d24h_prog2/data_share/ice_water/jobs/20231229-merged-26118/fastp/Water-Neg1.fp.html --merge --disable_adapter_trimming --disable_length_filtering --disable_quality_filtering --disable_trim_poly_g --thread 4 
fastp v0.23.4, time used: 34 seconds
