Read1 before filtering:
total reads: 4253187
total bases: 605820658
Q20 bases: 582582687(96.1642%)
Q30 bases: 551024803(90.9551%)

Read2 before filtering:
total reads: 4253187
total bases: 605984070
Q20 bases: 585330383(96.5917%)
Q30 bases: 550939662(90.9165%)

Merged and filtered:
total reads: 2866596
total bases: 535767010
Q20 bases: 522068489(97.4432%)
Q30 bases: 497083803(92.7798%)

Filtering result:
reads passed filter: 8506374
reads failed due to low quality: 0
reads failed due to too many N: 0
reads corrected by overlap analysis: 637163
bases corrected by overlap analysis: 1781523

Duplication rate: 13.0146%

Insert size peak (evaluated by paired-end reads): 227

Read pairs merged: 2866596
% of original read pairs: 67.3988%
% in reads after filtering: 100%


JSON report: /home/d24h_prog2/data_share/ice_water/jobs/20231229-merged-26118/fastp/Water-2a.fp.json
HTML report: /home/d24h_prog2/data_share/ice_water/jobs/20231229-merged-26118/fastp/Water-2a.fp.html

fastp -i Water-2a_1.trimmed.fq.gz -I Water-2a_2.trimmed.fq.gz -o /home/d24h_prog2/data_share/ice_water/jobs/20231229-merged-26118/merged/Water-2a_1.unmerged.fq.gz -O /home/d24h_prog2/data_share/ice_water/jobs/20231229-merged-26118/merged/Water-2a_2.unmerged.fq.gz --merged_out /home/d24h_prog2/data_share/ice_water/jobs/20231229-merged-26118/merged/Water-2a.merged.fq.gz --json /home/d24h_prog2/data_share/ice_water/jobs/20231229-merged-26118/fastp/Water-2a.fp.json --html /home/d24h_prog2/data_share/ice_water/jobs/20231229-merged-26118/fastp/Water-2a.fp.html --merge --disable_adapter_trimming --disable_length_filtering --disable_quality_filtering --disable_trim_poly_g --thread 4 
fastp v0.23.4, time used: 22 seconds
