Read1 before filtering:
total reads: 4979865
total bases: 751959615
Q20 bases: 695068125(92.4342%)
Q30 bases: 648607632(86.2556%)

Read2 before filtering:
total reads: 4979865
total bases: 751959615
Q20 bases: 692715179(92.1213%)
Q30 bases: 642645979(85.4628%)

Read1 after filtering:
total reads: 4253187
total bases: 605820658
Q20 bases: 582582687(96.1642%)
Q30 bases: 551024803(90.9551%)

Read2 after filtering:
total reads: 4253187
total bases: 605984070
Q20 bases: 585330383(96.5917%)
Q30 bases: 550939662(90.9165%)

Filtering result:
reads passed filter: 8506374
reads failed due to low quality: 1208532
reads failed due to too many N: 74
reads failed due to too short: 244750
reads with adapter trimmed: 1683814
bases trimmed due to adapters: 82682615

Duplication rate: 10.377%

Insert size peak (evaluated by paired-end reads): 225

JSON report: /home/d24h_prog2/data_share/ice_water/jobs/20231229-fastp_trim_qc-26115/fastp/Water-2a.fp.json
HTML report: /home/d24h_prog2/data_share/ice_water/jobs/20231229-fastp_trim_qc-26115/fastp/Water-2a.fp.html

fastp -i ../jobs/20231229-fastp_trim_qc-26115/tmp.xlyitHeC5x/Water-2a.1.mmFNLm -I ../jobs/20231229-fastp_trim_qc-26115/tmp.xlyitHeC5x/Water-2a.2.HWh7WG -o /home/d24h_prog2/data_share/ice_water/jobs/20231229-fastp_trim_qc-26115/trimmed/Water-2a_1.trimmed.fq.gz -O /home/d24h_prog2/data_share/ice_water/jobs/20231229-fastp_trim_qc-26115/trimmed/Water-2a_2.trimmed.fq.gz --unpaired1 /home/d24h_prog2/data_share/ice_water/jobs/20231229-fastp_trim_qc-26115/trimmed/Water-2a_1.unpaired.fq.gz --unpaired2 /home/d24h_prog2/data_share/ice_water/jobs/20231229-fastp_trim_qc-26115/trimmed/Water-2a_2.unpaired.fq.gz --report_title Water-2a trim and QC --json /home/d24h_prog2/data_share/ice_water/jobs/20231229-fastp_trim_qc-26115/fastp/Water-2a.fp.json --html /home/d24h_prog2/data_share/ice_water/jobs/20231229-fastp_trim_qc-26115/fastp/Water-2a.fp.html --qualified_quality_phred 20 --length_required 50 --thread 4 
fastp v0.23.4, time used: 18 seconds
