Read1 before filtering:
total reads: 7416872
total bases: 943166018
Q20 bases: 881892002(93.5034%)
Q30 bases: 813244295(86.2249%)

Read2 before filtering:
total reads: 7416872
total bases: 943373677
Q20 bases: 872151322(92.4502%)
Q30 bases: 798361178(84.6283%)

Merged and filtered:
total reads: 6134403
total bases: 882026792
Q20 bases: 844125194(95.7029%)
Q30 bases: 785801646(89.0905%)

Filtering result:
reads passed filter: 14833744
reads failed due to low quality: 0
reads failed due to too many N: 0
reads corrected by overlap analysis: 3804666
bases corrected by overlap analysis: 13813008

Duplication rate: 10.2804%

Insert size peak (evaluated by paired-end reads): 155

Read pairs merged: 6134403
% of original read pairs: 82.7088%
% in reads after filtering: 100%


JSON report: /home/d24h_prog2/data_share/ice_water/jobs/20231229-merged-26118/fastp/Water-5a.fp.json
HTML report: /home/d24h_prog2/data_share/ice_water/jobs/20231229-merged-26118/fastp/Water-5a.fp.html

fastp -i Water-5a_1.trimmed.fq.gz -I Water-5a_2.trimmed.fq.gz -o /home/d24h_prog2/data_share/ice_water/jobs/20231229-merged-26118/merged/Water-5a_1.unmerged.fq.gz -O /home/d24h_prog2/data_share/ice_water/jobs/20231229-merged-26118/merged/Water-5a_2.unmerged.fq.gz --merged_out /home/d24h_prog2/data_share/ice_water/jobs/20231229-merged-26118/merged/Water-5a.merged.fq.gz --json /home/d24h_prog2/data_share/ice_water/jobs/20231229-merged-26118/fastp/Water-5a.fp.json --html /home/d24h_prog2/data_share/ice_water/jobs/20231229-merged-26118/fastp/Water-5a.fp.html --merge --disable_adapter_trimming --disable_length_filtering --disable_quality_filtering --disable_trim_poly_g --thread 4 
fastp v0.23.4, time used: 31 seconds
