Read1 before filtering:
total reads: 9638506
total bases: 935902747
Q20 bases: 877676292(93.7786%)
Q30 bases: 810387410(86.5888%)

Read2 before filtering:
total reads: 9638506
total bases: 935265541
Q20 bases: 896285705(95.8322%)
Q30 bases: 845020411(90.3509%)

Merged and filtered:
total reads: 9232359
total bases: 896100518
Q20 bases: 852033152(95.0823%)
Q30 bases: 790256806(88.1884%)

Filtering result:
reads passed filter: 19277012
reads failed due to low quality: 0
reads failed due to too many N: 0
reads corrected by overlap analysis: 3112919
bases corrected by overlap analysis: 9490562

Duplication rate: 19.5204%

Insert size peak (evaluated by paired-end reads): 74

Read pairs merged: 9232359
% of original read pairs: 95.7862%
% in reads after filtering: 100%


JSON report: /home/d24h_prog2/data_share/ice_water/jobs/20231229-merged-26118/fastp/Water-Neg3.fp.json
HTML report: /home/d24h_prog2/data_share/ice_water/jobs/20231229-merged-26118/fastp/Water-Neg3.fp.html

fastp -i Water-Neg3_1.trimmed.fq.gz -I Water-Neg3_2.trimmed.fq.gz -o /home/d24h_prog2/data_share/ice_water/jobs/20231229-merged-26118/merged/Water-Neg3_1.unmerged.fq.gz -O /home/d24h_prog2/data_share/ice_water/jobs/20231229-merged-26118/merged/Water-Neg3_2.unmerged.fq.gz --merged_out /home/d24h_prog2/data_share/ice_water/jobs/20231229-merged-26118/merged/Water-Neg3.merged.fq.gz --json /home/d24h_prog2/data_share/ice_water/jobs/20231229-merged-26118/fastp/Water-Neg3.fp.json --html /home/d24h_prog2/data_share/ice_water/jobs/20231229-merged-26118/fastp/Water-Neg3.fp.html --merge --disable_adapter_trimming --disable_length_filtering --disable_quality_filtering --disable_trim_poly_g --thread 4 
fastp v0.23.4, time used: 33 seconds
