Read1 before filtering:
total reads: 9330824
total bases: 1408954424
Q20 bases: 1222636918(86.7762%)
Q30 bases: 1097845755(77.9192%)

Read2 before filtering:
total reads: 9330824
total bases: 1408954424
Q20 bases: 1202626129(85.3559%)
Q30 bases: 1072738076(76.1372%)

Read1 after filtering:
total reads: 7416872
total bases: 943166018
Q20 bases: 881892002(93.5034%)
Q30 bases: 813244295(86.2249%)

Read2 after filtering:
total reads: 7416872
total bases: 943373677
Q20 bases: 872151322(92.4502%)
Q30 bases: 798361178(84.6283%)

Filtering result:
reads passed filter: 14833744
reads failed due to low quality: 2677284
reads failed due to too many N: 132
reads failed due to too short: 1150488
reads with adapter trimmed: 7299868
bases trimmed due to adapters: 402655769

Duplication rate: 5.32403%

Insert size peak (evaluated by paired-end reads): 155

JSON report: /home/d24h_prog2/data_share/ice_water/jobs/20231229-fastp_trim_qc-26115/fastp/Water-5a.fp.json
HTML report: /home/d24h_prog2/data_share/ice_water/jobs/20231229-fastp_trim_qc-26115/fastp/Water-5a.fp.html

fastp -i ../jobs/20231229-fastp_trim_qc-26115/tmp.xlyitHeC5x/Water-5a.1.9Zg5JJ -I ../jobs/20231229-fastp_trim_qc-26115/tmp.xlyitHeC5x/Water-5a.2.1c65yo -o /home/d24h_prog2/data_share/ice_water/jobs/20231229-fastp_trim_qc-26115/trimmed/Water-5a_1.trimmed.fq.gz -O /home/d24h_prog2/data_share/ice_water/jobs/20231229-fastp_trim_qc-26115/trimmed/Water-5a_2.trimmed.fq.gz --unpaired1 /home/d24h_prog2/data_share/ice_water/jobs/20231229-fastp_trim_qc-26115/trimmed/Water-5a_1.unpaired.fq.gz --unpaired2 /home/d24h_prog2/data_share/ice_water/jobs/20231229-fastp_trim_qc-26115/trimmed/Water-5a_2.unpaired.fq.gz --report_title Water-5a trim and QC --json /home/d24h_prog2/data_share/ice_water/jobs/20231229-fastp_trim_qc-26115/fastp/Water-5a.fp.json --html /home/d24h_prog2/data_share/ice_water/jobs/20231229-fastp_trim_qc-26115/fastp/Water-5a.fp.html --qualified_quality_phred 20 --length_required 50 --thread 4 
fastp v0.23.4, time used: 34 seconds
