Read1 before filtering:
total reads: 13712758
total bases: 2070626458
Q20 bases: 1856429026(89.6554%)
Q30 bases: 1682889342(81.2744%)

Read2 before filtering:
total reads: 13712758
total bases: 2070626458
Q20 bases: 1815057335(87.6574%)
Q30 bases: 1650059590(79.6889%)

Read1 after filtering:
total reads: 9638506
total bases: 935902747
Q20 bases: 877676292(93.7786%)
Q30 bases: 810387410(86.5888%)

Read2 after filtering:
total reads: 9638506
total bases: 935265541
Q20 bases: 896285705(95.8322%)
Q30 bases: 845020411(90.3509%)

Filtering result:
reads passed filter: 19277012
reads failed due to low quality: 4429744
reads failed due to too many N: 160
reads failed due to too short: 3718600
reads with adapter trimmed: 20969644
bases trimmed due to adapters: 1219140721

Duplication rate: 6.53955%

Insert size peak (evaluated by paired-end reads): 74

JSON report: /home/d24h_prog2/data_share/ice_water/jobs/20231229-fastp_trim_qc-26115/fastp/Water-Neg3.fp.json
HTML report: /home/d24h_prog2/data_share/ice_water/jobs/20231229-fastp_trim_qc-26115/fastp/Water-Neg3.fp.html

fastp -i ../jobs/20231229-fastp_trim_qc-26115/tmp.xlyitHeC5x/Water-Neg3.1.VkpC8m -I ../jobs/20231229-fastp_trim_qc-26115/tmp.xlyitHeC5x/Water-Neg3.2.ead133 -o /home/d24h_prog2/data_share/ice_water/jobs/20231229-fastp_trim_qc-26115/trimmed/Water-Neg3_1.trimmed.fq.gz -O /home/d24h_prog2/data_share/ice_water/jobs/20231229-fastp_trim_qc-26115/trimmed/Water-Neg3_2.trimmed.fq.gz --unpaired1 /home/d24h_prog2/data_share/ice_water/jobs/20231229-fastp_trim_qc-26115/trimmed/Water-Neg3_1.unpaired.fq.gz --unpaired2 /home/d24h_prog2/data_share/ice_water/jobs/20231229-fastp_trim_qc-26115/trimmed/Water-Neg3_2.unpaired.fq.gz --report_title Water-Neg3 trim and QC --json /home/d24h_prog2/data_share/ice_water/jobs/20231229-fastp_trim_qc-26115/fastp/Water-Neg3.fp.json --html /home/d24h_prog2/data_share/ice_water/jobs/20231229-fastp_trim_qc-26115/fastp/Water-Neg3.fp.html --qualified_quality_phred 20 --length_required 50 --thread 4 
fastp v0.23.4, time used: 48 seconds
