Read1 before filtering:
total reads: 11650429
total bases: 1714609548
Q20 bases: 1672378076(97.537%)
Q30 bases: 1609095227(93.8462%)

Read2 before filtering:
total reads: 11650429
total bases: 1715735829
Q20 bases: 1666448606(97.1273%)
Q30 bases: 1574739344(91.7822%)

Merged and filtered:
total reads: 6865173
total bases: 1399821980
Q20 bases: 1374513198(98.192%)
Q30 bases: 1323823413(94.5708%)

Filtering result:
reads passed filter: 23300858
reads failed due to low quality: 0
reads failed due to too many N: 0
reads corrected by overlap analysis: 1067519
bases corrected by overlap analysis: 2484004

Duplication rate: 14.9199%

Insert size peak (evaluated by paired-end reads): 235

Read pairs merged: 6865173
% of original read pairs: 58.9264%
% in reads after filtering: 100%


JSON report: /home/d24h_prog2/data_share/ice_water/jobs/20231229-merged-26118/fastp/Water-3a.fp.json
HTML report: /home/d24h_prog2/data_share/ice_water/jobs/20231229-merged-26118/fastp/Water-3a.fp.html

fastp -i Water-3a_1.trimmed.fq.gz -I Water-3a_2.trimmed.fq.gz -o /home/d24h_prog2/data_share/ice_water/jobs/20231229-merged-26118/merged/Water-3a_1.unmerged.fq.gz -O /home/d24h_prog2/data_share/ice_water/jobs/20231229-merged-26118/merged/Water-3a_2.unmerged.fq.gz --merged_out /home/d24h_prog2/data_share/ice_water/jobs/20231229-merged-26118/merged/Water-3a.merged.fq.gz --json /home/d24h_prog2/data_share/ice_water/jobs/20231229-merged-26118/fastp/Water-3a.fp.json --html /home/d24h_prog2/data_share/ice_water/jobs/20231229-merged-26118/fastp/Water-3a.fp.html --merge --disable_adapter_trimming --disable_length_filtering --disable_quality_filtering --disable_trim_poly_g --thread 4 
fastp v0.23.4, time used: 58 seconds
