Read1 before filtering:
total reads: 5792211
total bases: 874623861
Q20 bases: 731334502(83.617%)
Q30 bases: 656945455(75.1118%)

Read2 before filtering:
total reads: 5792211
total bases: 874623861
Q20 bases: 784723262(89.7212%)
Q30 bases: 715377979(81.7926%)

Read1 after filtering:
total reads: 4444759
total bases: 411320220
Q20 bases: 384965423(93.5926%)
Q30 bases: 355468779(86.4214%)

Read2 after filtering:
total reads: 4444759
total bases: 411157205
Q20 bases: 394832682(96.0296%)
Q30 bases: 372881494(90.6907%)

Filtering result:
reads passed filter: 8889518
reads failed due to low quality: 1141052
reads failed due to too many N: 58
reads failed due to too short: 1553794
reads with adapter trimmed: 9752826
bases trimmed due to adapters: 580218148

Duplication rate: 1.91303%

Insert size peak (evaluated by paired-end reads): 74

JSON report: /home/d24h_prog2/data_share/ice_water/jobs/20231229-fastp_trim_qc-26115/fastp/Water-Neg2.fp.json
HTML report: /home/d24h_prog2/data_share/ice_water/jobs/20231229-fastp_trim_qc-26115/fastp/Water-Neg2.fp.html

fastp -i ../jobs/20231229-fastp_trim_qc-26115/tmp.xlyitHeC5x/Water-Neg2.1.XaTpfj -I ../jobs/20231229-fastp_trim_qc-26115/tmp.xlyitHeC5x/Water-Neg2.2.l7mhKy -o /home/d24h_prog2/data_share/ice_water/jobs/20231229-fastp_trim_qc-26115/trimmed/Water-Neg2_1.trimmed.fq.gz -O /home/d24h_prog2/data_share/ice_water/jobs/20231229-fastp_trim_qc-26115/trimmed/Water-Neg2_2.trimmed.fq.gz --unpaired1 /home/d24h_prog2/data_share/ice_water/jobs/20231229-fastp_trim_qc-26115/trimmed/Water-Neg2_1.unpaired.fq.gz --unpaired2 /home/d24h_prog2/data_share/ice_water/jobs/20231229-fastp_trim_qc-26115/trimmed/Water-Neg2_2.unpaired.fq.gz --report_title Water-Neg2 trim and QC --json /home/d24h_prog2/data_share/ice_water/jobs/20231229-fastp_trim_qc-26115/fastp/Water-Neg2.fp.json --html /home/d24h_prog2/data_share/ice_water/jobs/20231229-fastp_trim_qc-26115/fastp/Water-Neg2.fp.html --qualified_quality_phred 20 --length_required 50 --thread 4 
fastp v0.23.4, time used: 26 seconds
