INFO(23456247879488)2023-12-30 19:42:26,440:*************************
INFO(23456247879488)2023-12-30 19:42:26,441:deblurring started
WARNING(23456247879488)2023-12-30 19:42:26,441:deblur version 1.1.1 workflow started on /tmp/tmp.EwQtPyq8tC/qiime2/d24h_prog2/data/aec94f51-21db-4622-b821-78944285c79b/data
WARNING(23456247879488)2023-12-30 19:42:26,442:parameters: {'seqs_fp': '/tmp/tmp.EwQtPyq8tC/qiime2/d24h_prog2/data/aec94f51-21db-4622-b821-78944285c79b/data', 'output_dir': '/tmp/tmp.EwQtPyq8tC/tmpx_hjl_dd', 'pos_ref_fp': (), 'pos_ref_db_fp': (), 'neg_ref_fp': (), 'neg_ref_db_fp': (), 'overwrite': True, 'mean_error': 0.005, 'error_dist': [1.0, 0.06, 0.02, 0.02, 0.01, 0.005, 0.005, 0.005, 0.001, 0.001, 0.001, 0.0005], 'indel_prob': 0.01, 'indel_max': 3, 'trim_length': 30, 'left_trim_length': 30, 'min_reads': 10, 'min_size': 2, 'threads_per_sample': 1, 'keep_tmp_files': True, 'log_level': 2, 'log_file': '/home/d24h_prog2/data_share/ice_water/qiime/deblur.log', 'jobs_to_start': 1, 'is_worker_thread': False, 'logger': <Logger __main__ (INFO)>}
INFO(23456247879488)2023-12-30 19:42:26,442:error_dist is : [1.0, 0.06, 0.02, 0.02, 0.01, 0.005, 0.005, 0.005, 0.001, 0.001, 0.001, 0.0005]
INFO(23456247879488)2023-12-30 19:42:26,442:deblur main program started
INFO(23456247879488)2023-12-30 19:42:26,442:processing directory /tmp/tmp.EwQtPyq8tC/qiime2/d24h_prog2/data/aec94f51-21db-4622-b821-78944285c79b/data
INFO(23456247879488)2023-12-30 19:42:26,443:building negative db sortmerna index files
INFO(23456247879488)2023-12-30 19:42:26,443:build_index_sortmerna files ['/home/d24h_prog2/miniconda3/envs/qiime2-amplicon-2023.9/lib/python3.8/site-packages/deblur/support_files/artifacts.fa'] to dir /tmp/tmp.EwQtPyq8tC/tmpx_hjl_dd/deblur_working_dir
INFO(23456247879488)2023-12-30 19:42:26,555:building positive db sortmerna index files
INFO(23456247879488)2023-12-30 19:42:26,555:build_index_sortmerna files ['/home/d24h_prog2/miniconda3/envs/qiime2-amplicon-2023.9/lib/python3.8/site-packages/deblur/support_files/88_otus.fasta'] to dir /tmp/tmp.EwQtPyq8tC/tmpx_hjl_dd/deblur_working_dir
INFO(23456247879488)2023-12-30 19:43:21,810:processing per sample fasta files
INFO(23456247879488)2023-12-30 19:43:21,810:--------------------------------------------------------
INFO(23456247879488)2023-12-30 19:43:21,810:launch_workflow for file /tmp/tmp.EwQtPyq8tC/qiime2/d24h_prog2/data/aec94f51-21db-4622-b821-78944285c79b/data/2_0_L001_R1_001.fastq.gz
INFO(23456247879488)2023-12-30 19:52:16,273:dereplicate seqs file /tmp/tmp.EwQtPyq8tC/tmpx_hjl_dd/deblur_working_dir/2_0_L001_R1_001.fastq.gz.trim
INFO(23456247879488)2023-12-30 19:52:16,622:remove_artifacts_seqs file /tmp/tmp.EwQtPyq8tC/tmpx_hjl_dd/deblur_working_dir/2_0_L001_R1_001.fastq.gz.trim.derep
WARNING(23456247879488)2023-12-30 19:52:16,622:file /tmp/tmp.EwQtPyq8tC/tmpx_hjl_dd/deblur_working_dir/2_0_L001_R1_001.fastq.gz.trim.derep has size 0, continuing
WARNING(23456247879488)2023-12-30 19:52:16,631:remove artifacts failed, aborting
WARNING(23456247879488)2023-12-30 19:52:16,631:deblurring failed for file /tmp/tmp.EwQtPyq8tC/qiime2/d24h_prog2/data/aec94f51-21db-4622-b821-78944285c79b/data/2_0_L001_R1_001.fastq.gz
INFO(23456247879488)2023-12-30 19:52:16,631:--------------------------------------------------------
INFO(23456247879488)2023-12-30 19:52:16,631:launch_workflow for file /tmp/tmp.EwQtPyq8tC/qiime2/d24h_prog2/data/aec94f51-21db-4622-b821-78944285c79b/data/3_1_L001_R1_001.fastq.gz
INFO(140737354008384)2023-12-30 20:14:27,809:*************************
INFO(140737354008384)2023-12-30 20:14:27,828:deblurring started
WARNING(140737354008384)2023-12-30 20:14:27,829:deblur version 1.1.1 workflow started on /home/d24h_prog2/data_share/ice_water/qiime/jobs/20231230-deblur_denoise_16S_merged-26126/tmp.RMKvZ9eGiJ/qiime2/d24h_prog2/data/aec94f51-21db-4622-b821-78944285c79b/data
WARNING(140737354008384)2023-12-30 20:14:27,830:parameters: {'seqs_fp': '/home/d24h_prog2/data_share/ice_water/qiime/jobs/20231230-deblur_denoise_16S_merged-26126/tmp.RMKvZ9eGiJ/qiime2/d24h_prog2/data/aec94f51-21db-4622-b821-78944285c79b/data', 'output_dir': '/home/d24h_prog2/data_share/ice_water/qiime/jobs/20231230-deblur_denoise_16S_merged-26126/tmp.RMKvZ9eGiJ/tmpjkbijc4m', 'pos_ref_fp': (), 'pos_ref_db_fp': (), 'neg_ref_fp': (), 'neg_ref_db_fp': (), 'overwrite': True, 'mean_error': 0.005, 'error_dist': [1.0, 0.06, 0.02, 0.02, 0.01, 0.005, 0.005, 0.005, 0.001, 0.001, 0.001, 0.0005], 'indel_prob': 0.01, 'indel_max': 3, 'trim_length': 130, 'left_trim_length': 29, 'min_reads': 10, 'min_size': 2, 'threads_per_sample': 1, 'keep_tmp_files': True, 'log_level': 2, 'log_file': '/home/d24h_prog2/data_share/ice_water/qiime/deblur.log', 'jobs_to_start': 40, 'is_worker_thread': False, 'logger': <Logger __main__ (INFO)>}
INFO(140737354008384)2023-12-30 20:14:27,830:error_dist is : [1.0, 0.06, 0.02, 0.02, 0.01, 0.005, 0.005, 0.005, 0.001, 0.001, 0.001, 0.0005]
INFO(140737354008384)2023-12-30 20:14:27,830:deblur main program started
INFO(140737354008384)2023-12-30 20:14:27,831:processing directory /home/d24h_prog2/data_share/ice_water/qiime/jobs/20231230-deblur_denoise_16S_merged-26126/tmp.RMKvZ9eGiJ/qiime2/d24h_prog2/data/aec94f51-21db-4622-b821-78944285c79b/data
INFO(140737354008384)2023-12-30 20:14:27,833:building negative db sortmerna index files
INFO(140737354008384)2023-12-30 20:14:27,833:build_index_sortmerna files ['/home/d24h_prog2/miniconda3/envs/qiime2-amplicon-2023.9/lib/python3.8/site-packages/deblur/support_files/artifacts.fa'] to dir /home/d24h_prog2/data_share/ice_water/qiime/jobs/20231230-deblur_denoise_16S_merged-26126/tmp.RMKvZ9eGiJ/tmpjkbijc4m/deblur_working_dir
INFO(140737354008384)2023-12-30 20:14:27,945:building positive db sortmerna index files
INFO(140737354008384)2023-12-30 20:14:27,946:build_index_sortmerna files ['/home/d24h_prog2/miniconda3/envs/qiime2-amplicon-2023.9/lib/python3.8/site-packages/deblur/support_files/88_otus.fasta'] to dir /home/d24h_prog2/data_share/ice_water/qiime/jobs/20231230-deblur_denoise_16S_merged-26126/tmp.RMKvZ9eGiJ/tmpjkbijc4m/deblur_working_dir
INFO(140737354008384)2023-12-30 20:15:03,603:parallel processing per sample fasta files
INFO(140737354008384)2023-12-30 20:15:03,604:parallel deblur started for 10 inputs
INFO(140737354008384)2023-12-30 20:15:04,894:*************************
INFO(140737354008384)2023-12-30 20:15:04,894:deblurring started
INFO(140737354008384)2023-12-30 20:15:04,894:*************************
INFO(140737354008384)2023-12-30 20:15:04,894:deblurring started
INFO(140737354008384)2023-12-30 20:15:04,894:*************************
INFO(140737354008384)2023-12-30 20:15:04,894:deblurring started
INFO(140737354008384)2023-12-30 20:15:04,894:*************************
INFO(140737354008384)2023-12-30 20:15:04,894:deblurring started
WARNING(140737354008384)2023-12-30 20:15:04,894:deblur version 1.1.1 workflow started on /home/d24h_prog2/data_share/ice_water/qiime/jobs/20231230-deblur_denoise_16S_merged-26126/tmp.RMKvZ9eGiJ/qiime2/d24h_prog2/data/aec94f51-21db-4622-b821-78944285c79b/data/neg3_9_L001_R1_001.fastq.gz
INFO(140737354008384)2023-12-30 20:15:04,894:*************************
WARNING(140737354008384)2023-12-30 20:15:04,894:deblur version 1.1.1 workflow started on /home/d24h_prog2/data_share/ice_water/qiime/jobs/20231230-deblur_denoise_16S_merged-26126/tmp.RMKvZ9eGiJ/qiime2/d24h_prog2/data/aec94f51-21db-4622-b821-78944285c79b/data/neg1_7_L001_R1_001.fastq.gz
INFO(140737354008384)2023-12-30 20:15:04,894:deblurring started
WARNING(140737354008384)2023-12-30 20:15:04,894:parameters: {'seqs_fp': '/home/d24h_prog2/data_share/ice_water/qiime/jobs/20231230-deblur_denoise_16S_merged-26126/tmp.RMKvZ9eGiJ/qiime2/d24h_prog2/data/aec94f51-21db-4622-b821-78944285c79b/data/neg3_9_L001_R1_001.fastq.gz', 'output_dir': '/home/d24h_prog2/data_share/ice_water/qiime/jobs/20231230-deblur_denoise_16S_merged-26126/tmp.RMKvZ9eGiJ/tmpjkbijc4m', 'pos_ref_fp': (), 'pos_ref_db_fp': ('/home/d24h_prog2/data_share/ice_water/qiime/jobs/20231230-deblur_denoise_16S_merged-26126/tmp.RMKvZ9eGiJ/tmpjkbijc4m/deblur_working_dir/88_otus',), 'neg_ref_fp': (), 'neg_ref_db_fp': ('/home/d24h_prog2/data_share/ice_water/qiime/jobs/20231230-deblur_denoise_16S_merged-26126/tmp.RMKvZ9eGiJ/tmpjkbijc4m/deblur_working_dir/artifacts',), 'overwrite': True, 'mean_error': 0.005, 'error_dist': [1.0, 0.06, 0.02, 0.02, 0.01, 0.005, 0.005, 0.005, 0.001, 0.001, 0.001, 0.0005], 'indel_prob': 0.01, 'indel_max': 3, 'trim_length': 130, 'left_trim_length': 29, 'min_reads': 10, 'min_size': 2, 'threads_per_sample': 1, 'keep_tmp_files': True, 'log_level': 2, 'log_file': '/home/d24h_prog2/data_share/ice_water/qiime/deblur.log', 'jobs_to_start': 1, 'is_worker_thread': True, 'logger': <Logger __main__ (INFO)>}
WARNING(140737354008384)2023-12-30 20:15:04,894:parameters: {'seqs_fp': '/home/d24h_prog2/data_share/ice_water/qiime/jobs/20231230-deblur_denoise_16S_merged-26126/tmp.RMKvZ9eGiJ/qiime2/d24h_prog2/data/aec94f51-21db-4622-b821-78944285c79b/data/neg1_7_L001_R1_001.fastq.gz', 'output_dir': '/home/d24h_prog2/data_share/ice_water/qiime/jobs/20231230-deblur_denoise_16S_merged-26126/tmp.RMKvZ9eGiJ/tmpjkbijc4m', 'pos_ref_fp': (), 'pos_ref_db_fp': ('/home/d24h_prog2/data_share/ice_water/qiime/jobs/20231230-deblur_denoise_16S_merged-26126/tmp.RMKvZ9eGiJ/tmpjkbijc4m/deblur_working_dir/88_otus',), 'neg_ref_fp': (), 'neg_ref_db_fp': ('/home/d24h_prog2/data_share/ice_water/qiime/jobs/20231230-deblur_denoise_16S_merged-26126/tmp.RMKvZ9eGiJ/tmpjkbijc4m/deblur_working_dir/artifacts',), 'overwrite': True, 'mean_error': 0.005, 'error_dist': [1.0, 0.06, 0.02, 0.02, 0.01, 0.005, 0.005, 0.005, 0.001, 0.001, 0.001, 0.0005], 'indel_prob': 0.01, 'indel_max': 3, 'trim_length': 130, 'left_trim_length': 29, 'min_reads': 10, 'min_size': 2, 'threads_per_sample': 1, 'keep_tmp_files': True, 'log_level': 2, 'log_file': '/home/d24h_prog2/data_share/ice_water/qiime/deblur.log', 'jobs_to_start': 1, 'is_worker_thread': True, 'logger': <Logger __main__ (INFO)>}
INFO(140737354008384)2023-12-30 20:15:04,894:*************************
INFO(140737354008384)2023-12-30 20:15:04,894:error_dist is : [1.0, 0.06, 0.02, 0.02, 0.01, 0.005, 0.005, 0.005, 0.001, 0.001, 0.001, 0.0005]
INFO(140737354008384)2023-12-30 20:15:04,894:error_dist is : [1.0, 0.06, 0.02, 0.02, 0.01, 0.005, 0.005, 0.005, 0.001, 0.001, 0.001, 0.0005]
WARNING(140737354008384)2023-12-30 20:15:04,894:deblur version 1.1.1 workflow started on /home/d24h_prog2/data_share/ice_water/qiime/jobs/20231230-deblur_denoise_16S_merged-26126/tmp.RMKvZ9eGiJ/qiime2/d24h_prog2/data/aec94f51-21db-4622-b821-78944285c79b/data/5_2_L001_R1_001.fastq.gz
INFO(140737354008384)2023-12-30 20:15:04,894:deblurring started
INFO(140737354008384)2023-12-30 20:15:04,894:*************************
INFO(140737354008384)2023-12-30 20:15:04,894:deblur worker thread started
INFO(140737354008384)2023-12-30 20:15:04,894:deblur worker thread started
INFO(140737354008384)2023-12-30 20:15:04,895:deblurring started
INFO(140737354008384)2023-12-30 20:15:04,895:processing per sample fasta files
INFO(140737354008384)2023-12-30 20:15:04,895:processing per sample fasta files
WARNING(140737354008384)2023-12-30 20:15:04,895:parameters: {'seqs_fp': '/home/d24h_prog2/data_share/ice_water/qiime/jobs/20231230-deblur_denoise_16S_merged-26126/tmp.RMKvZ9eGiJ/qiime2/d24h_prog2/data/aec94f51-21db-4622-b821-78944285c79b/data/5_2_L001_R1_001.fastq.gz', 'output_dir': '/home/d24h_prog2/data_share/ice_water/qiime/jobs/20231230-deblur_denoise_16S_merged-26126/tmp.RMKvZ9eGiJ/tmpjkbijc4m', 'pos_ref_fp': (), 'pos_ref_db_fp': ('/home/d24h_prog2/data_share/ice_water/qiime/jobs/20231230-deblur_denoise_16S_merged-26126/tmp.RMKvZ9eGiJ/tmpjkbijc4m/deblur_working_dir/88_otus',), 'neg_ref_fp': (), 'neg_ref_db_fp': ('/home/d24h_prog2/data_share/ice_water/qiime/jobs/20231230-deblur_denoise_16S_merged-26126/tmp.RMKvZ9eGiJ/tmpjkbijc4m/deblur_working_dir/artifacts',), 'overwrite': True, 'mean_error': 0.005, 'error_dist': [1.0, 0.06, 0.02, 0.02, 0.01, 0.005, 0.005, 0.005, 0.001, 0.001, 0.001, 0.0005], 'indel_prob': 0.01, 'indel_max': 3, 'trim_length': 130, 'left_trim_length': 29, 'min_reads': 10, 'min_size': 2, 'threads_per_sample': 1, 'keep_tmp_files': True, 'log_level': 2, 'log_file': '/home/d24h_prog2/data_share/ice_water/qiime/deblur.log', 'jobs_to_start': 1, 'is_worker_thread': True, 'logger': <Logger __main__ (INFO)>}
INFO(140737354008384)2023-12-30 20:15:04,895:--------------------------------------------------------
INFO(140737354008384)2023-12-30 20:15:04,895:--------------------------------------------------------
INFO(140737354008384)2023-12-30 20:15:04,895:error_dist is : [1.0, 0.06, 0.02, 0.02, 0.01, 0.005, 0.005, 0.005, 0.001, 0.001, 0.001, 0.0005]
INFO(140737354008384)2023-12-30 20:15:04,895:launch_workflow for file /home/d24h_prog2/data_share/ice_water/qiime/jobs/20231230-deblur_denoise_16S_merged-26126/tmp.RMKvZ9eGiJ/qiime2/d24h_prog2/data/aec94f51-21db-4622-b821-78944285c79b/data/neg3_9_L001_R1_001.fastq.gz
INFO(140737354008384)2023-12-30 20:15:04,895:launch_workflow for file /home/d24h_prog2/data_share/ice_water/qiime/jobs/20231230-deblur_denoise_16S_merged-26126/tmp.RMKvZ9eGiJ/qiime2/d24h_prog2/data/aec94f51-21db-4622-b821-78944285c79b/data/neg1_7_L001_R1_001.fastq.gz
INFO(140737354008384)2023-12-30 20:15:04,895:deblur worker thread started
INFO(140737354008384)2023-12-30 20:15:04,895:processing per sample fasta files
WARNING(140737354008384)2023-12-30 20:15:04,895:deblur version 1.1.1 workflow started on /home/d24h_prog2/data_share/ice_water/qiime/jobs/20231230-deblur_denoise_16S_merged-26126/tmp.RMKvZ9eGiJ/qiime2/d24h_prog2/data/aec94f51-21db-4622-b821-78944285c79b/data/7_4_L001_R1_001.fastq.gz
INFO(140737354008384)2023-12-30 20:15:04,895:--------------------------------------------------------
INFO(140737354008384)2023-12-30 20:15:04,895:launch_workflow for file /home/d24h_prog2/data_share/ice_water/qiime/jobs/20231230-deblur_denoise_16S_merged-26126/tmp.RMKvZ9eGiJ/qiime2/d24h_prog2/data/aec94f51-21db-4622-b821-78944285c79b/data/5_2_L001_R1_001.fastq.gz
WARNING(140737354008384)2023-12-30 20:15:04,895:parameters: {'seqs_fp': '/home/d24h_prog2/data_share/ice_water/qiime/jobs/20231230-deblur_denoise_16S_merged-26126/tmp.RMKvZ9eGiJ/qiime2/d24h_prog2/data/aec94f51-21db-4622-b821-78944285c79b/data/7_4_L001_R1_001.fastq.gz', 'output_dir': '/home/d24h_prog2/data_share/ice_water/qiime/jobs/20231230-deblur_denoise_16S_merged-26126/tmp.RMKvZ9eGiJ/tmpjkbijc4m', 'pos_ref_fp': (), 'pos_ref_db_fp': ('/home/d24h_prog2/data_share/ice_water/qiime/jobs/20231230-deblur_denoise_16S_merged-26126/tmp.RMKvZ9eGiJ/tmpjkbijc4m/deblur_working_dir/88_otus',), 'neg_ref_fp': (), 'neg_ref_db_fp': ('/home/d24h_prog2/data_share/ice_water/qiime/jobs/20231230-deblur_denoise_16S_merged-26126/tmp.RMKvZ9eGiJ/tmpjkbijc4m/deblur_working_dir/artifacts',), 'overwrite': True, 'mean_error': 0.005, 'error_dist': [1.0, 0.06, 0.02, 0.02, 0.01, 0.005, 0.005, 0.005, 0.001, 0.001, 0.001, 0.0005], 'indel_prob': 0.01, 'indel_max': 3, 'trim_length': 130, 'left_trim_length': 29, 'min_reads': 10, 'min_size': 2, 'threads_per_sample': 1, 'keep_tmp_files': True, 'log_level': 2, 'log_file': '/home/d24h_prog2/data_share/ice_water/qiime/deblur.log', 'jobs_to_start': 1, 'is_worker_thread': True, 'logger': <Logger __main__ (INFO)>}
WARNING(140737354008384)2023-12-30 20:15:04,895:deblur version 1.1.1 workflow started on /home/d24h_prog2/data_share/ice_water/qiime/jobs/20231230-deblur_denoise_16S_merged-26126/tmp.RMKvZ9eGiJ/qiime2/d24h_prog2/data/aec94f51-21db-4622-b821-78944285c79b/data/9_5_L001_R1_001.fastq.gz
INFO(140737354008384)2023-12-30 20:15:04,895:error_dist is : [1.0, 0.06, 0.02, 0.02, 0.01, 0.005, 0.005, 0.005, 0.001, 0.001, 0.001, 0.0005]
WARNING(140737354008384)2023-12-30 20:15:04,895:deblur version 1.1.1 workflow started on /home/d24h_prog2/data_share/ice_water/qiime/jobs/20231230-deblur_denoise_16S_merged-26126/tmp.RMKvZ9eGiJ/qiime2/d24h_prog2/data/aec94f51-21db-4622-b821-78944285c79b/data/6_3_L001_R1_001.fastq.gz
INFO(140737354008384)2023-12-30 20:15:04,895:deblur worker thread started
INFO(140737354008384)2023-12-30 20:15:04,895:processing per sample fasta files
WARNING(140737354008384)2023-12-30 20:15:04,895:parameters: {'seqs_fp': '/home/d24h_prog2/data_share/ice_water/qiime/jobs/20231230-deblur_denoise_16S_merged-26126/tmp.RMKvZ9eGiJ/qiime2/d24h_prog2/data/aec94f51-21db-4622-b821-78944285c79b/data/9_5_L001_R1_001.fastq.gz', 'output_dir': '/home/d24h_prog2/data_share/ice_water/qiime/jobs/20231230-deblur_denoise_16S_merged-26126/tmp.RMKvZ9eGiJ/tmpjkbijc4m', 'pos_ref_fp': (), 'pos_ref_db_fp': ('/home/d24h_prog2/data_share/ice_water/qiime/jobs/20231230-deblur_denoise_16S_merged-26126/tmp.RMKvZ9eGiJ/tmpjkbijc4m/deblur_working_dir/88_otus',), 'neg_ref_fp': (), 'neg_ref_db_fp': ('/home/d24h_prog2/data_share/ice_water/qiime/jobs/20231230-deblur_denoise_16S_merged-26126/tmp.RMKvZ9eGiJ/tmpjkbijc4m/deblur_working_dir/artifacts',), 'overwrite': True, 'mean_error': 0.005, 'error_dist': [1.0, 0.06, 0.02, 0.02, 0.01, 0.005, 0.005, 0.005, 0.001, 0.001, 0.001, 0.0005], 'indel_prob': 0.01, 'indel_max': 3, 'trim_length': 130, 'left_trim_length': 29, 'min_reads': 10, 'min_size': 2, 'threads_per_sample': 1, 'keep_tmp_files': True, 'log_level': 2, 'log_file': '/home/d24h_prog2/data_share/ice_water/qiime/deblur.log', 'jobs_to_start': 1, 'is_worker_thread': True, 'logger': <Logger __main__ (INFO)>}
WARNING(140737354008384)2023-12-30 20:15:04,895:deblur version 1.1.1 workflow started on /home/d24h_prog2/data_share/ice_water/qiime/jobs/20231230-deblur_denoise_16S_merged-26126/tmp.RMKvZ9eGiJ/qiime2/d24h_prog2/data/aec94f51-21db-4622-b821-78944285c79b/data/10_6_L001_R1_001.fastq.gz
WARNING(140737354008384)2023-12-30 20:15:04,895:parameters: {'seqs_fp': '/home/d24h_prog2/data_share/ice_water/qiime/jobs/20231230-deblur_denoise_16S_merged-26126/tmp.RMKvZ9eGiJ/qiime2/d24h_prog2/data/aec94f51-21db-4622-b821-78944285c79b/data/6_3_L001_R1_001.fastq.gz', 'output_dir': '/home/d24h_prog2/data_share/ice_water/qiime/jobs/20231230-deblur_denoise_16S_merged-26126/tmp.RMKvZ9eGiJ/tmpjkbijc4m', 'pos_ref_fp': (), 'pos_ref_db_fp': ('/home/d24h_prog2/data_share/ice_water/qiime/jobs/20231230-deblur_denoise_16S_merged-26126/tmp.RMKvZ9eGiJ/tmpjkbijc4m/deblur_working_dir/88_otus',), 'neg_ref_fp': (), 'neg_ref_db_fp': ('/home/d24h_prog2/data_share/ice_water/qiime/jobs/20231230-deblur_denoise_16S_merged-26126/tmp.RMKvZ9eGiJ/tmpjkbijc4m/deblur_working_dir/artifacts',), 'overwrite': True, 'mean_error': 0.005, 'error_dist': [1.0, 0.06, 0.02, 0.02, 0.01, 0.005, 0.005, 0.005, 0.001, 0.001, 0.001, 0.0005], 'indel_prob': 0.01, 'indel_max': 3, 'trim_length': 130, 'left_trim_length': 29, 'min_reads': 10, 'min_size': 2, 'threads_per_sample': 1, 'keep_tmp_files': True, 'log_level': 2, 'log_file': '/home/d24h_prog2/data_share/ice_water/qiime/deblur.log', 'jobs_to_start': 1, 'is_worker_thread': True, 'logger': <Logger __main__ (INFO)>}
INFO(140737354008384)2023-12-30 20:15:04,895:--------------------------------------------------------
INFO(140737354008384)2023-12-30 20:15:04,895:error_dist is : [1.0, 0.06, 0.02, 0.02, 0.01, 0.005, 0.005, 0.005, 0.001, 0.001, 0.001, 0.0005]
INFO(140737354008384)2023-12-30 20:15:04,895:error_dist is : [1.0, 0.06, 0.02, 0.02, 0.01, 0.005, 0.005, 0.005, 0.001, 0.001, 0.001, 0.0005]
INFO(140737354008384)2023-12-30 20:15:04,895:launch_workflow for file /home/d24h_prog2/data_share/ice_water/qiime/jobs/20231230-deblur_denoise_16S_merged-26126/tmp.RMKvZ9eGiJ/qiime2/d24h_prog2/data/aec94f51-21db-4622-b821-78944285c79b/data/7_4_L001_R1_001.fastq.gz
INFO(140737354008384)2023-12-30 20:15:04,895:deblur worker thread started
WARNING(140737354008384)2023-12-30 20:15:04,895:parameters: {'seqs_fp': '/home/d24h_prog2/data_share/ice_water/qiime/jobs/20231230-deblur_denoise_16S_merged-26126/tmp.RMKvZ9eGiJ/qiime2/d24h_prog2/data/aec94f51-21db-4622-b821-78944285c79b/data/10_6_L001_R1_001.fastq.gz', 'output_dir': '/home/d24h_prog2/data_share/ice_water/qiime/jobs/20231230-deblur_denoise_16S_merged-26126/tmp.RMKvZ9eGiJ/tmpjkbijc4m', 'pos_ref_fp': (), 'pos_ref_db_fp': ('/home/d24h_prog2/data_share/ice_water/qiime/jobs/20231230-deblur_denoise_16S_merged-26126/tmp.RMKvZ9eGiJ/tmpjkbijc4m/deblur_working_dir/88_otus',), 'neg_ref_fp': (), 'neg_ref_db_fp': ('/home/d24h_prog2/data_share/ice_water/qiime/jobs/20231230-deblur_denoise_16S_merged-26126/tmp.RMKvZ9eGiJ/tmpjkbijc4m/deblur_working_dir/artifacts',), 'overwrite': True, 'mean_error': 0.005, 'error_dist': [1.0, 0.06, 0.02, 0.02, 0.01, 0.005, 0.005, 0.005, 0.001, 0.001, 0.001, 0.0005], 'indel_prob': 0.01, 'indel_max': 3, 'trim_length': 130, 'left_trim_length': 29, 'min_reads': 10, 'min_size': 2, 'threads_per_sample': 1, 'keep_tmp_files': True, 'log_level': 2, 'log_file': '/home/d24h_prog2/data_share/ice_water/qiime/deblur.log', 'jobs_to_start': 1, 'is_worker_thread': True, 'logger': <Logger __main__ (INFO)>}
INFO(140737354008384)2023-12-30 20:15:04,895:deblur worker thread started
INFO(140737354008384)2023-12-30 20:15:04,895:processing per sample fasta files
INFO(140737354008384)2023-12-30 20:15:04,895:error_dist is : [1.0, 0.06, 0.02, 0.02, 0.01, 0.005, 0.005, 0.005, 0.001, 0.001, 0.001, 0.0005]
INFO(140737354008384)2023-12-30 20:15:04,895:processing per sample fasta files
INFO(140737354008384)2023-12-30 20:15:04,895:deblur worker thread started
INFO(140737354008384)2023-12-30 20:15:04,895:--------------------------------------------------------
INFO(140737354008384)2023-12-30 20:15:04,895:processing per sample fasta files
INFO(140737354008384)2023-12-30 20:15:04,895:launch_workflow for file /home/d24h_prog2/data_share/ice_water/qiime/jobs/20231230-deblur_denoise_16S_merged-26126/tmp.RMKvZ9eGiJ/qiime2/d24h_prog2/data/aec94f51-21db-4622-b821-78944285c79b/data/9_5_L001_R1_001.fastq.gz
INFO(140737354008384)2023-12-30 20:15:04,895:--------------------------------------------------------
INFO(140737354008384)2023-12-30 20:15:04,895:launch_workflow for file /home/d24h_prog2/data_share/ice_water/qiime/jobs/20231230-deblur_denoise_16S_merged-26126/tmp.RMKvZ9eGiJ/qiime2/d24h_prog2/data/aec94f51-21db-4622-b821-78944285c79b/data/6_3_L001_R1_001.fastq.gz
INFO(140737354008384)2023-12-30 20:15:04,895:--------------------------------------------------------
INFO(140737354008384)2023-12-30 20:15:04,895:launch_workflow for file /home/d24h_prog2/data_share/ice_water/qiime/jobs/20231230-deblur_denoise_16S_merged-26126/tmp.RMKvZ9eGiJ/qiime2/d24h_prog2/data/aec94f51-21db-4622-b821-78944285c79b/data/10_6_L001_R1_001.fastq.gz
INFO(140737354008384)2023-12-30 20:15:04,897:*************************
INFO(140737354008384)2023-12-30 20:15:04,897:deblurring started
WARNING(140737354008384)2023-12-30 20:15:04,897:deblur version 1.1.1 workflow started on /home/d24h_prog2/data_share/ice_water/qiime/jobs/20231230-deblur_denoise_16S_merged-26126/tmp.RMKvZ9eGiJ/qiime2/d24h_prog2/data/aec94f51-21db-4622-b821-78944285c79b/data/3_1_L001_R1_001.fastq.gz
WARNING(140737354008384)2023-12-30 20:15:04,897:parameters: {'seqs_fp': '/home/d24h_prog2/data_share/ice_water/qiime/jobs/20231230-deblur_denoise_16S_merged-26126/tmp.RMKvZ9eGiJ/qiime2/d24h_prog2/data/aec94f51-21db-4622-b821-78944285c79b/data/3_1_L001_R1_001.fastq.gz', 'output_dir': '/home/d24h_prog2/data_share/ice_water/qiime/jobs/20231230-deblur_denoise_16S_merged-26126/tmp.RMKvZ9eGiJ/tmpjkbijc4m', 'pos_ref_fp': (), 'pos_ref_db_fp': ('/home/d24h_prog2/data_share/ice_water/qiime/jobs/20231230-deblur_denoise_16S_merged-26126/tmp.RMKvZ9eGiJ/tmpjkbijc4m/deblur_working_dir/88_otus',), 'neg_ref_fp': (), 'neg_ref_db_fp': ('/home/d24h_prog2/data_share/ice_water/qiime/jobs/20231230-deblur_denoise_16S_merged-26126/tmp.RMKvZ9eGiJ/tmpjkbijc4m/deblur_working_dir/artifacts',), 'overwrite': True, 'mean_error': 0.005, 'error_dist': [1.0, 0.06, 0.02, 0.02, 0.01, 0.005, 0.005, 0.005, 0.001, 0.001, 0.001, 0.0005], 'indel_prob': 0.01, 'indel_max': 3, 'trim_length': 130, 'left_trim_length': 29, 'min_reads': 10, 'min_size': 2, 'threads_per_sample': 1, 'keep_tmp_files': True, 'log_level': 2, 'log_file': '/home/d24h_prog2/data_share/ice_water/qiime/deblur.log', 'jobs_to_start': 1, 'is_worker_thread': True, 'logger': <Logger __main__ (INFO)>}
INFO(140737354008384)2023-12-30 20:15:04,897:error_dist is : [1.0, 0.06, 0.02, 0.02, 0.01, 0.005, 0.005, 0.005, 0.001, 0.001, 0.001, 0.0005]
INFO(140737354008384)2023-12-30 20:15:04,897:deblur worker thread started
INFO(140737354008384)2023-12-30 20:15:04,897:processing per sample fasta files
INFO(140737354008384)2023-12-30 20:15:04,897:--------------------------------------------------------
INFO(140737354008384)2023-12-30 20:15:04,897:launch_workflow for file /home/d24h_prog2/data_share/ice_water/qiime/jobs/20231230-deblur_denoise_16S_merged-26126/tmp.RMKvZ9eGiJ/qiime2/d24h_prog2/data/aec94f51-21db-4622-b821-78944285c79b/data/3_1_L001_R1_001.fastq.gz
INFO(140737354008384)2023-12-30 20:15:04,905:*************************
INFO(140737354008384)2023-12-30 20:15:04,906:deblurring started
INFO(140737354008384)2023-12-30 20:15:04,906:*************************
INFO(140737354008384)2023-12-30 20:15:04,906:deblurring started
WARNING(140737354008384)2023-12-30 20:15:04,906:deblur version 1.1.1 workflow started on /home/d24h_prog2/data_share/ice_water/qiime/jobs/20231230-deblur_denoise_16S_merged-26126/tmp.RMKvZ9eGiJ/qiime2/d24h_prog2/data/aec94f51-21db-4622-b821-78944285c79b/data/neg2_8_L001_R1_001.fastq.gz
WARNING(140737354008384)2023-12-30 20:15:04,906:parameters: {'seqs_fp': '/home/d24h_prog2/data_share/ice_water/qiime/jobs/20231230-deblur_denoise_16S_merged-26126/tmp.RMKvZ9eGiJ/qiime2/d24h_prog2/data/aec94f51-21db-4622-b821-78944285c79b/data/neg2_8_L001_R1_001.fastq.gz', 'output_dir': '/home/d24h_prog2/data_share/ice_water/qiime/jobs/20231230-deblur_denoise_16S_merged-26126/tmp.RMKvZ9eGiJ/tmpjkbijc4m', 'pos_ref_fp': (), 'pos_ref_db_fp': ('/home/d24h_prog2/data_share/ice_water/qiime/jobs/20231230-deblur_denoise_16S_merged-26126/tmp.RMKvZ9eGiJ/tmpjkbijc4m/deblur_working_dir/88_otus',), 'neg_ref_fp': (), 'neg_ref_db_fp': ('/home/d24h_prog2/data_share/ice_water/qiime/jobs/20231230-deblur_denoise_16S_merged-26126/tmp.RMKvZ9eGiJ/tmpjkbijc4m/deblur_working_dir/artifacts',), 'overwrite': True, 'mean_error': 0.005, 'error_dist': [1.0, 0.06, 0.02, 0.02, 0.01, 0.005, 0.005, 0.005, 0.001, 0.001, 0.001, 0.0005], 'indel_prob': 0.01, 'indel_max': 3, 'trim_length': 130, 'left_trim_length': 29, 'min_reads': 10, 'min_size': 2, 'threads_per_sample': 1, 'keep_tmp_files': True, 'log_level': 2, 'log_file': '/home/d24h_prog2/data_share/ice_water/qiime/deblur.log', 'jobs_to_start': 1, 'is_worker_thread': True, 'logger': <Logger __main__ (INFO)>}
WARNING(140737354008384)2023-12-30 20:15:04,906:deblur version 1.1.1 workflow started on /home/d24h_prog2/data_share/ice_water/qiime/jobs/20231230-deblur_denoise_16S_merged-26126/tmp.RMKvZ9eGiJ/qiime2/d24h_prog2/data/aec94f51-21db-4622-b821-78944285c79b/data/2_0_L001_R1_001.fastq.gz
INFO(140737354008384)2023-12-30 20:15:04,906:error_dist is : [1.0, 0.06, 0.02, 0.02, 0.01, 0.005, 0.005, 0.005, 0.001, 0.001, 0.001, 0.0005]
INFO(140737354008384)2023-12-30 20:15:04,906:deblur worker thread started
WARNING(140737354008384)2023-12-30 20:15:04,906:parameters: {'seqs_fp': '/home/d24h_prog2/data_share/ice_water/qiime/jobs/20231230-deblur_denoise_16S_merged-26126/tmp.RMKvZ9eGiJ/qiime2/d24h_prog2/data/aec94f51-21db-4622-b821-78944285c79b/data/2_0_L001_R1_001.fastq.gz', 'output_dir': '/home/d24h_prog2/data_share/ice_water/qiime/jobs/20231230-deblur_denoise_16S_merged-26126/tmp.RMKvZ9eGiJ/tmpjkbijc4m', 'pos_ref_fp': (), 'pos_ref_db_fp': ('/home/d24h_prog2/data_share/ice_water/qiime/jobs/20231230-deblur_denoise_16S_merged-26126/tmp.RMKvZ9eGiJ/tmpjkbijc4m/deblur_working_dir/88_otus',), 'neg_ref_fp': (), 'neg_ref_db_fp': ('/home/d24h_prog2/data_share/ice_water/qiime/jobs/20231230-deblur_denoise_16S_merged-26126/tmp.RMKvZ9eGiJ/tmpjkbijc4m/deblur_working_dir/artifacts',), 'overwrite': True, 'mean_error': 0.005, 'error_dist': [1.0, 0.06, 0.02, 0.02, 0.01, 0.005, 0.005, 0.005, 0.001, 0.001, 0.001, 0.0005], 'indel_prob': 0.01, 'indel_max': 3, 'trim_length': 130, 'left_trim_length': 29, 'min_reads': 10, 'min_size': 2, 'threads_per_sample': 1, 'keep_tmp_files': True, 'log_level': 2, 'log_file': '/home/d24h_prog2/data_share/ice_water/qiime/deblur.log', 'jobs_to_start': 1, 'is_worker_thread': True, 'logger': <Logger __main__ (INFO)>}
INFO(140737354008384)2023-12-30 20:15:04,906:processing per sample fasta files
INFO(140737354008384)2023-12-30 20:15:04,906:error_dist is : [1.0, 0.06, 0.02, 0.02, 0.01, 0.005, 0.005, 0.005, 0.001, 0.001, 0.001, 0.0005]
INFO(140737354008384)2023-12-30 20:15:04,906:--------------------------------------------------------
INFO(140737354008384)2023-12-30 20:15:04,906:deblur worker thread started
INFO(140737354008384)2023-12-30 20:15:04,906:launch_workflow for file /home/d24h_prog2/data_share/ice_water/qiime/jobs/20231230-deblur_denoise_16S_merged-26126/tmp.RMKvZ9eGiJ/qiime2/d24h_prog2/data/aec94f51-21db-4622-b821-78944285c79b/data/neg2_8_L001_R1_001.fastq.gz
INFO(140737354008384)2023-12-30 20:15:04,906:processing per sample fasta files
INFO(140737354008384)2023-12-30 20:15:04,906:--------------------------------------------------------
INFO(140737354008384)2023-12-30 20:15:04,906:launch_workflow for file /home/d24h_prog2/data_share/ice_water/qiime/jobs/20231230-deblur_denoise_16S_merged-26126/tmp.RMKvZ9eGiJ/qiime2/d24h_prog2/data/aec94f51-21db-4622-b821-78944285c79b/data/2_0_L001_R1_001.fastq.gz
